commit a1b2c3d4 (HEAD -> main)
Author: Alice Johnson <alice@example.com>
Date:   Fri Aug 1 09:15:12 2025 -0500

    feat(auth): add user login form

commit b2c3d4e5
Author: Bob Smith <bob@example.com>
Date:   Fri Aug 1 09:42:33 2025 -0500

    fix(ui): adjust button padding

commit c3d4e5f6
Author: Charlie Kim <charlie@example.com>
Date:   Fri Aug 1 10:05:44 2025 -0500

    chore: update dependencies

commit d4e5f6g7
Author: Dana Lee <dana@example.com>
Date:   Fri Aug 1 11:15:01 2025 -0500

    docs(readme): fix typo in instructions

commit e5f6g7h8
Author: Alice Johnson <alice@example.com>
Date:   Fri Aug 1 12:25:46 2025 -0500

    test(api): add unit tests for GET /users

commit f6g7h8i9
Author: Evan Patel <evan@example.com>
Date:   Fri Aug 1 13:40:11 2025 -0500

    refactor(core): streamline validation logic

commit g7h8i9j0
Author: Bob Smith <bob@example.com>
Date:   Sat Aug 2 09:22:01 2025 -0500

    feat(auth): enable password reset flow

commit h8i9j0k1
Author: Alice Johnson <alice@example.com>
Date:   Sat Aug 2 10:14:44 2025 -0500

    chore(ci): update GitHub Actions versions

commit i9j0k1l2
Author: Charlie Kim <charlie@example.com>
Date:   Sat Aug 2 10:58:12 2025 -0500

    fix(api): correct null handling in user data

commit j0k1l2m3
Author: Dana Lee <dana@example.com>
Date:   Sat Aug 2 11:45:22 2025 -0500

    docs: add contributing guide

commit k1l2m3n4
Author: Evan Patel <evan@example.com>
Date:   Sat Aug 2 13:05:54 2025 -0500

    feat(dashboard): add analytics widgets for engagement visibility
    
    - Added user growth graph `(src/components/Dashboard/Graphs/UserGrowth.tsx)`
    - Added daily activity report `(src/components/Dashboard/Reports/DailyActivity.tsx)`
    - Included export to CSV option `(src/utils/exporters/csv.ts)`
    - Business impact: helps admins track usage trends

commit l2m3n4o5
Author: Alice Johnson <alice@example.com>
Date:   Sat Aug 2 15:25:41 2025 -0500

    fix(ui): resolve mobile menu issue

commit m3n4o5p6
Author: Bob Smith <bob@example.com>
Date:   Sun Aug 3 09:33:12 2025 -0500

    perf(api): reduce response time for profile queries

commit n4o5p6q7
Author: Charlie Kim <charlie@example.com>
Date:   Sun Aug 3 10:12:08 2025 -0500

    chore: remove unused config file

commit o5p6q7r8
Author: Dana Lee <dana@example.com>
Date:   Sun Aug 3 11:55:33 2025 -0500

    feat(notifications): basic email alerts

commit p6q7r8s9
Author: Evan Patel <evan@example.com>
Date:   Sun Aug 3 12:40:22 2025 -0500

    test(core): add edge case tests for parser

commit q7r8s9t0
Author: Alice Johnson <alice@example.com>
Date:   Sun Aug 3 13:20:42 2025 -0500

    fix(auth): correct error message on invalid login

commit r8s9t0u1
Author: Bob Smith <bob@example.com>
Date:   Sun Aug 3 14:25:34 2025 -0500

    docs: document environment setup steps

commit s9t0u1v2
Author: Charlie Kim <charlie@example.com>
Date:   Sun Aug 3 15:30:18 2025 -0500

    chore: bump eslint config

commit t0u1v2w3
Author: Dana Lee <dana@example.com>
Date:   Mon Aug 4 09:14:59 2025 -0500

    feat(ui): dark mode toggle

commit u1v2w3x4
Author: Evan Patel <evan@example.com>
Date:   Mon Aug 4 10:01:45 2025 -0500

    refactor(forms): unify input validation across modules
    
    - Consolidated schema logic into `src/validation/sharedSchemas.ts`
    - Migrated sign-up and login to use yup `(src/forms/*)`
    - Standardized error messages `(src/hooks/useValidation.ts)`
    - User benefit: more consistent error handling across forms

commit v2w3x4y5
Author: Alice Johnson <alice@example.com>
Date:   Mon Aug 4 11:25:52 2025 -0500

    fix(build): correct webpack config path

commit w3x4y5z6
Author: Bob Smith <bob@example.com>
Date:   Mon Aug 4 12:45:19 2025 -0500

    style: reformat imports

commit x4y5z6a7
Author: Charlie Kim <charlie@example.com>
Date:   Mon Aug 4 14:05:28 2025 -0500

    feat(api): support bulk user creation

commit y5z6a7b8
Author: Dana Lee <dana@example.com>
Date:   Tue Aug 5 09:10:18 2025 -0500

    chore(lint): enforce stricter rules

commit z6a7b8c9
Author: Evan Patel <evan@example.com>
Date:   Tue Aug 5 10:12:44 2025 -0500

    fix(ui): resolve layout glitch on Safari

commit a7b8c9d0
Author: Alice Johnson <alice@example.com>
Date:   Tue Aug 5 11:20:33 2025 -0500

    feat(auth): implement JWT refresh tokens

commit b7c8d9e1
Author: Bob Smith <bob@example.com>
Date:   Tue Aug 5 12:02:44 2025 -0500

    docs(security): add notes on JWT usage

commit c7d8e9f2
Author: Charlie Kim <charlie@example.com>
Date:   Tue Aug 5 13:44:51 2025 -0500

    fix(notifications): stop duplicate email sends

commit d8e9f0g3
Author: Dana Lee <dana@example.com>
Date:   Tue Aug 5 14:55:02 2025 -0500

    chore(release): update changelog

commit e9f0g1h2
Author: Evan Patel <evan@example.com>
Date:   Wed Aug 6 09:33:12 2025 -0500

    feat(reports): add advanced filter options
    
    - Implemented time range filter `(src/components/Reports/Filters/DateRange.tsx)`
    - Allowed filtering by status and type `(src/services/reportService.ts)`
    - Added "save filter preset" UI `(src/components/Reports/SavePresetModal.tsx)`
    - Improved dropdown usability `(src/components/Common/Dropdown.tsx)`
    - Impact: power users can refine reports quickly for better decision-making
